2024-07-18 23:22:19 info: Server running on port 3000
2024-07-18 23:22:19 info: Database connected
2024-07-18 23:22:19 info: Coin Data: {"id":1721312539297,"coin_id":"BTCUSDT","close":64312.09,"open":64914,"high":65400,"low":63854,"date":"2024. 7. 18. 오후 11:22:19"}
2024-07-18 23:22:20 info: Coin Data: {"id":1721312540278,"coin_id":"BTCUSDT","close":64312.09,"open":64914,"high":65400,"low":63854,"date":"2024. 7. 18. 오후 11:22:20"}
2024-07-18 23:22:21 info: Coin Data: {"id":1721312541278,"coin_id":"BTCUSDT","close":64312.09,"open":64914.01,"high":65400,"low":63854,"date":"2024. 7. 18. 오후 11:22:21"}
2024-07-18 23:22:22 info: Coin Data: {"id":1721312542278,"coin_id":"BTCUSDT","close":64313.23,"open":64915.48,"high":65400,"low":63854,"date":"2024. 7. 18. 오후 11:22:22"}
2024-07-18 23:22:23 info: Coin Data: {"id":1721312543275,"coin_id":"BTCUSDT","close":64313.24,"open":64916.78,"high":65400,"low":63854,"date":"2024. 7. 18. 오후 11:22:23"}
2024-07-18 23:22:24 info: Coin Data: {"id":1721312544278,"coin_id":"BTCUSDT","close":64322.3,"open":64921.18,"high":65400,"low":63854,"date":"2024. 7. 18. 오후 11:22:24"}
2024-07-18 23:22:25 info: Coin Data: {"id":1721312545275,"coin_id":"BTCUSDT","close":64328.22,"open":64921.17,"high":65400,"low":63854,"date":"2024. 7. 18. 오후 11:22:25"}
2024-07-18 23:22:26 info: Coin Data: {"id":1721312546278,"coin_id":"BTCUSDT","close":64328.22,"open":64916.01,"high":65400,"low":63854,"date":"2024. 7. 18. 오후 11:22:26"}
2024-07-18 23:22:27 info: Coin Data: {"id":1721312547278,"coin_id":"BTCUSDT","close":64328.22,"open":64898.01,"high":65400,"low":63854,"date":"2024. 7. 18. 오후 11:22:27"}
2024-07-18 23:22:28 info: Coin Data: {"id":1721312548277,"coin_id":"BTCUSDT","close":64320.4,"open":64898.02,"high":65400,"low":63854,"date":"2024. 7. 18. 오후 11:22:28"}
2024-07-18 23:22:29 info: Coin Data: {"id":1721312549278,"coin_id":"BTCUSDT","close":64313.23,"open":64894,"high":65400,"low":63854,"date":"2024. 7. 18. 오후 11:22:29"}
2024-07-18 23:22:30 info: Coin Data: {"id":1721312550280,"coin_id":"BTCUSDT","close":64307.99,"open":64890,"high":65400,"low":63854,"date":"2024. 7. 18. 오후 11:22:30"}
2024-07-18 23:22:31 info: Coin Data: {"id":1721312551279,"coin_id":"BTCUSDT","close":64304,"open":64885.61,"high":65400,"low":63854,"date":"2024. 7. 18. 오후 11:22:31"}
2024-07-18 23:22:32 info: Coin Data: {"id":1721312552280,"coin_id":"BTCUSDT","close":64304,"open":64885.6,"high":65400,"low":63854,"date":"2024. 7. 18. 오후 11:22:32"}
2024-07-18 23:22:33 info: Coin Data: {"id":1721312553281,"coin_id":"BTCUSDT","close":64304.01,"open":64885.61,"high":65400,"low":63854,"date":"2024. 7. 18. 오후 11:22:33"}
2024-07-18 23:22:34 info: Coin Data: {"id":1721312554282,"coin_id":"BTCUSDT","close":64309.62,"open":64885.61,"high":65400,"low":63854,"date":"2024. 7. 18. 오후 11:22:34"}
2024-07-18 23:22:35 info: Coin Data: {"id":1721312555281,"coin_id":"BTCUSDT","close":64309.63,"open":64891.99,"high":65400,"low":63854,"date":"2024. 7. 18. 오후 11:22:35"}
2024-07-18 23:22:36 info: Coin Data: {"id":1721312556285,"coin_id":"BTCUSDT","close":64309.63,"open":64892,"high":65400,"low":63854,"date":"2024. 7. 18. 오후 11:22:36"}
2024-07-18 23:22:37 info: Coin Data: {"id":1721312557283,"coin_id":"BTCUSDT","close":64309.62,"open":64902.23,"high":65400,"low":63854,"date":"2024. 7. 18. 오후 11:22:37"}
2024-07-18 23:22:38 info: Coin Data: {"id":1721312558283,"coin_id":"BTCUSDT","close":64305.84,"open":64902.23,"high":65400,"low":63854,"date":"2024. 7. 18. 오후 11:22:38"}
2024-07-18 23:22:39 info: Coin Data: {"id":1721312559284,"coin_id":"BTCUSDT","close":64304.19,"open":64902.24,"high":65400,"low":63854,"date":"2024. 7. 18. 오후 11:22:39"}
2024-07-18 23:22:40 info: Coin Data: {"id":1721312560286,"coin_id":"BTCUSDT","close":64304.18,"open":64902.24,"high":65400,"low":63854,"date":"2024. 7. 18. 오후 11:22:40"}
2024-07-18 23:22:41 info: Coin Data: {"id":1721312561284,"coin_id":"BTCUSDT","close":64304.18,"open":64896,"high":65400,"low":63854,"date":"2024. 7. 18. 오후 11:22:41"}
2024-07-18 23:22:42 info: Coin Data: {"id":1721312562285,"coin_id":"BTCUSDT","close":64304.18,"open":64890.01,"high":65400,"low":63854,"date":"2024. 7. 18. 오후 11:22:42"}
2024-07-18 23:22:43 info: Coin Data: {"id":1721312563288,"coin_id":"BTCUSDT","close":64304.18,"open":64895,"high":65400,"low":63854,"date":"2024. 7. 18. 오후 11:22:43"}
2024-07-18 23:22:44 info: Coin Data: {"id":1721312564287,"coin_id":"BTCUSDT","close":64304.19,"open":64902.23,"high":65400,"low":63854,"date":"2024. 7. 18. 오후 11:22:44"}
2024-07-18 23:22:45 info: Coin Data: {"id":1721312565287,"coin_id":"BTCUSDT","close":64304.18,"open":64902,"high":65400,"low":63854,"date":"2024. 7. 18. 오후 11:22:45"}
2024-07-18 23:22:46 info: Coin Data: {"id":1721312566287,"coin_id":"BTCUSDT","close":64304.18,"open":64894.01,"high":65400,"low":63854,"date":"2024. 7. 18. 오후 11:22:46"}
2024-07-18 23:22:47 info: Coin Data: {"id":1721312567290,"coin_id":"BTCUSDT","close":64304.19,"open":64894,"high":65400,"low":63854,"date":"2024. 7. 18. 오후 11:22:47"}
2024-07-18 23:22:48 info: Coin Data: {"id":1721312568288,"coin_id":"BTCUSDT","close":64302,"open":64890.02,"high":65400,"low":63854,"date":"2024. 7. 18. 오후 11:22:48"}
2024-07-18 23:22:49 info: Coin Data: {"id":1721312569289,"coin_id":"BTCUSDT","close":64302,"open":64880,"high":65400,"low":63854,"date":"2024. 7. 18. 오후 11:22:49"}
2024-07-18 23:22:50 info: Coin Data: {"id":1721312570292,"coin_id":"BTCUSDT","close":64286.01,"open":64878.01,"high":65400,"low":63854,"date":"2024. 7. 18. 오후 11:22:50"}
2024-07-18 23:22:51 info: Coin Data: {"id":1721312571289,"coin_id":"BTCUSDT","close":64276.01,"open":64878,"high":65400,"low":63854,"date":"2024. 7. 18. 오후 11:22:51"}
2024-07-18 23:22:52 info: Coin Data: {"id":1721312572287,"coin_id":"BTCUSDT","close":64266.01,"open":64878,"high":65400,"low":63854,"date":"2024. 7. 18. 오후 11:22:52"}
2024-07-18 23:22:53 info: Coin Data: {"id":1721312573288,"coin_id":"BTCUSDT","close":64266.01,"open":64878,"high":65400,"low":63854,"date":"2024. 7. 18. 오후 11:22:53"}
2024-07-18 23:22:54 info: Coin Data: {"id":1721312574289,"coin_id":"BTCUSDT","close":64266,"open":64878,"high":65400,"low":63854,"date":"2024. 7. 18. 오후 11:22:54"}
2024-07-18 23:22:55 info: Coin Data: {"id":1721312575288,"coin_id":"BTCUSDT","close":64266,"open":64878.01,"high":65400,"low":63854,"date":"2024. 7. 18. 오후 11:22:55"}
2024-07-18 23:22:56 info: Coin Data: {"id":1721312576287,"coin_id":"BTCUSDT","close":64266.01,"open":64878,"high":65400,"low":63854,"date":"2024. 7. 18. 오후 11:22:56"}
2024-07-18 23:22:57 info: Coin Data: {"id":1721312577293,"coin_id":"BTCUSDT","close":64266.01,"open":64878.01,"high":65400,"low":63854,"date":"2024. 7. 18. 오후 11:22:57"}
2024-07-18 23:22:58 info: Coin Data: {"id":1721312578290,"coin_id":"BTCUSDT","close":64266.01,"open":64888.49,"high":65400,"low":63854,"date":"2024. 7. 18. 오후 11:22:58"}
2024-07-18 23:22:59 info: Coin Data: {"id":1721312579292,"coin_id":"BTCUSDT","close":64263.77,"open":64888.5,"high":65400,"low":63854,"date":"2024. 7. 18. 오후 11:22:59"}
2024-07-18 23:23:00 info: Coin Data: {"id":1721312580294,"coin_id":"BTCUSDT","close":64263.77,"open":64888.5,"high":65400,"low":63854,"date":"2024. 7. 18. 오후 11:23:00"}
2024-07-18 23:23:01 info: Coin Data: {"id":1721312581292,"coin_id":"BTCUSDT","close":64263.78,"open":64888.5,"high":65400,"low":63854,"date":"2024. 7. 18. 오후 11:23:01"}
2024-07-18 23:23:02 info: Coin Data: {"id":1721312582292,"coin_id":"BTCUSDT","close":64263.78,"open":64888.5,"high":65400,"low":63854,"date":"2024. 7. 18. 오후 11:23:02"}
2024-07-18 23:23:03 info: Coin Data: {"id":1721312583293,"coin_id":"BTCUSDT","close":64269.21,"open":64898.01,"high":65400,"low":63854,"date":"2024. 7. 18. 오후 11:23:03"}
2024-07-18 23:23:04 info: Coin Data: {"id":1721312584296,"coin_id":"BTCUSDT","close":64269.21,"open":64899.98,"high":65400,"low":63854,"date":"2024. 7. 18. 오후 11:23:04"}
2024-07-18 23:23:05 info: Coin Data: {"id":1721312585296,"coin_id":"BTCUSDT","close":64264,"open":64886,"high":65400,"low":63854,"date":"2024. 7. 18. 오후 11:23:05"}
2024-07-18 23:23:06 info: Coin Data: {"id":1721312586298,"coin_id":"BTCUSDT","close":64263.27,"open":64876.51,"high":65400,"low":63854,"date":"2024. 7. 18. 오후 11:23:06"}
2024-07-18 23:23:07 info: Coin Data: {"id":1721312587295,"coin_id":"BTCUSDT","close":64263.27,"open":64879.99,"high":65400,"low":63854,"date":"2024. 7. 18. 오후 11:23:07"}
2024-07-18 23:23:08 info: Coin Data: {"id":1721312588295,"coin_id":"BTCUSDT","close":64263.27,"open":64879.98,"high":65400,"low":63854,"date":"2024. 7. 18. 오후 11:23:08"}
2024-07-18 23:23:09 info: Coin Data: {"id":1721312589296,"coin_id":"BTCUSDT","close":64263.27,"open":64868.01,"high":65400,"low":63854,"date":"2024. 7. 18. 오후 11:23:09"}
2024-07-18 23:23:10 info: Coin Data: {"id":1721312590300,"coin_id":"BTCUSDT","close":64263.27,"open":64868,"high":65400,"low":63854,"date":"2024. 7. 18. 오후 11:23:10"}
2024-07-18 23:23:11 info: Coin Data: {"id":1721312591301,"coin_id":"BTCUSDT","close":64263.26,"open":64842.01,"high":65400,"low":63854,"date":"2024. 7. 18. 오후 11:23:11"}
2024-07-18 23:23:12 info: Coin Data: {"id":1721312592368,"coin_id":"BTCUSDT","close":64265.29,"open":64842,"high":65400,"low":63854,"date":"2024. 7. 18. 오후 11:23:12"}
2024-07-18 23:23:13 info: Coin Data: {"id":1721312593302,"coin_id":"BTCUSDT","close":64265.28,"open":64836.26,"high":65400,"low":63854,"date":"2024. 7. 18. 오후 11:23:13"}
2024-07-18 23:23:14 info: Coin Data: {"id":1721312594305,"coin_id":"BTCUSDT","close":64262.01,"open":64824.53,"high":65400,"low":63854,"date":"2024. 7. 18. 오후 11:23:14"}
2024-07-18 23:23:15 info: Coin Data: {"id":1721312595304,"coin_id":"BTCUSDT","close":64262.01,"open":64824.52,"high":65400,"low":63854,"date":"2024. 7. 18. 오후 11:23:15"}
2024-07-18 23:23:16 info: Coin Data: {"id":1721312596308,"coin_id":"BTCUSDT","close":64265.28,"open":64824.52,"high":65400,"low":63854,"date":"2024. 7. 18. 오후 11:23:16"}
2024-07-18 23:23:17 info: Coin Data: {"id":1721312597308,"coin_id":"BTCUSDT","close":64268.5,"open":64820.02,"high":65400,"low":63854,"date":"2024. 7. 18. 오후 11:23:17"}
2024-07-18 23:23:18 info: Coin Data: {"id":1721312598311,"coin_id":"BTCUSDT","close":64270.49,"open":64820.02,"high":65400,"low":63854,"date":"2024. 7. 18. 오후 11:23:18"}
2024-07-18 23:23:19 info: Saved data to DB: {"id":1721312598311,"coin_id":"BTCUSDT","close":64270.49,"open":64820.02,"high":65400,"low":63854,"date":"2024. 7. 18. 오후 11:23:18"}
2024-07-18 23:23:19 info: Coin Data: {"id":1721312599309,"coin_id":"BTCUSDT","close":64273.78,"open":64829.99,"high":65400,"low":63854,"date":"2024. 7. 18. 오후 11:23:19"}
2024-07-18 23:23:20 info: Coin Data: {"id":1721312600310,"coin_id":"BTCUSDT","close":64285.67,"open":64828,"high":65400,"low":63854,"date":"2024. 7. 18. 오후 11:23:20"}
2024-07-18 23:23:21 info: Coin Data: {"id":1721312601310,"coin_id":"BTCUSDT","close":64285.67,"open":64828.01,"high":65400,"low":63854,"date":"2024. 7. 18. 오후 11:23:21"}
2024-07-18 23:23:22 info: Coin Data: {"id":1721312602310,"coin_id":"BTCUSDT","close":64285.67,"open":64820,"high":65400,"low":63854,"date":"2024. 7. 18. 오후 11:23:22"}
2024-07-18 23:23:23 info: Coin Data: {"id":1721312603313,"coin_id":"BTCUSDT","close":64285.89,"open":64813.62,"high":65400,"low":63854,"date":"2024. 7. 18. 오후 11:23:23"}
2024-07-18 23:23:24 info: Coin Data: {"id":1721312604311,"coin_id":"BTCUSDT","close":64285.9,"open":64810.01,"high":65400,"low":63854,"date":"2024. 7. 18. 오후 11:23:24"}
2024-07-18 23:23:25 info: Coin Data: {"id":1721312605315,"coin_id":"BTCUSDT","close":64285.9,"open":64800,"high":65400,"low":63854,"date":"2024. 7. 18. 오후 11:23:25"}
2024-07-18 23:23:26 info: Coin Data: {"id":1721312606315,"coin_id":"BTCUSDT","close":64274.28,"open":64800,"high":65400,"low":63854,"date":"2024. 7. 18. 오후 11:23:26"}
2024-07-18 23:23:27 info: Coin Data: {"id":1721312607314,"coin_id":"BTCUSDT","close":64274.28,"open":64800.01,"high":65400,"low":63854,"date":"2024. 7. 18. 오후 11:23:27"}
2024-07-18 23:23:28 info: Coin Data: {"id":1721312608316,"coin_id":"BTCUSDT","close":64274.29,"open":64801.3,"high":65400,"low":63854,"date":"2024. 7. 18. 오후 11:23:28"}
2024-07-18 23:23:29 info: Coin Data: {"id":1721312609313,"coin_id":"BTCUSDT","close":64274.28,"open":64791.05,"high":65400,"low":63854,"date":"2024. 7. 18. 오후 11:23:29"}
2024-07-18 23:23:30 info: Coin Data: {"id":1721312610322,"coin_id":"BTCUSDT","close":64274.29,"open":64790.01,"high":65400,"low":63854,"date":"2024. 7. 18. 오후 11:23:30"}
2024-07-18 23:23:31 info: Coin Data: {"id":1721312611317,"coin_id":"BTCUSDT","close":64280,"open":64790,"high":65400,"low":63854,"date":"2024. 7. 18. 오후 11:23:31"}
2024-07-18 23:23:32 info: Coin Data: {"id":1721312612317,"coin_id":"BTCUSDT","close":64280,"open":64790.01,"high":65400,"low":63854,"date":"2024. 7. 18. 오후 11:23:32"}
2024-07-18 23:23:33 info: Coin Data: {"id":1721312613318,"coin_id":"BTCUSDT","close":64276,"open":64801.56,"high":65400,"low":63854,"date":"2024. 7. 18. 오후 11:23:33"}
2024-07-18 23:23:34 info: Coin Data: {"id":1721312614320,"coin_id":"BTCUSDT","close":64274.29,"open":64820.31,"high":65400,"low":63854,"date":"2024. 7. 18. 오후 11:23:34"}
2024-07-18 23:23:35 info: Coin Data: {"id":1721312615321,"coin_id":"BTCUSDT","close":64274.28,"open":64827.48,"high":65400,"low":63854,"date":"2024. 7. 18. 오후 11:23:35"}
2024-07-18 23:23:36 info: Coin Data: {"id":1721312616322,"coin_id":"BTCUSDT","close":64274.29,"open":64827.48,"high":65400,"low":63854,"date":"2024. 7. 18. 오후 11:23:36"}
2024-07-18 23:23:37 info: Coin Data: {"id":1721312617319,"coin_id":"BTCUSDT","close":64274.28,"open":64822,"high":65400,"low":63854,"date":"2024. 7. 18. 오후 11:23:37"}
2024-07-18 23:23:38 info: Coin Data: {"id":1721312618325,"coin_id":"BTCUSDT","close":64274.28,"open":64822.01,"high":65400,"low":63854,"date":"2024. 7. 18. 오후 11:23:38"}
2024-07-18 23:23:39 info: Coin Data: {"id":1721312619321,"coin_id":"BTCUSDT","close":64274.29,"open":64822.01,"high":65400,"low":63854,"date":"2024. 7. 18. 오후 11:23:39"}
2024-07-18 23:23:40 info: Coin Data: {"id":1721312620325,"coin_id":"BTCUSDT","close":64267.86,"open":64821.99,"high":65400,"low":63854,"date":"2024. 7. 18. 오후 11:23:40"}
2024-07-18 23:23:41 info: Coin Data: {"id":1721312621325,"coin_id":"BTCUSDT","close":64267.86,"open":64820,"high":65400,"low":63854,"date":"2024. 7. 18. 오후 11:23:41"}
2024-07-18 23:23:42 info: Coin Data: {"id":1721312622328,"coin_id":"BTCUSDT","close":64267.86,"open":64818,"high":65400,"low":63854,"date":"2024. 7. 18. 오후 11:23:42"}
2024-07-18 23:23:43 info: Coin Data: {"id":1721312623326,"coin_id":"BTCUSDT","close":64273,"open":64822.01,"high":65400,"low":63854,"date":"2024. 7. 18. 오후 11:23:43"}
2024-07-18 23:23:44 info: Coin Data: {"id":1721312624329,"coin_id":"BTCUSDT","close":64264.97,"open":64827.2,"high":65400,"low":63854,"date":"2024. 7. 18. 오후 11:23:44"}
2024-07-18 23:23:45 info: Coin Data: {"id":1721312625328,"coin_id":"BTCUSDT","close":64264.01,"open":64838,"high":65400,"low":63854,"date":"2024. 7. 18. 오후 11:23:45"}
2024-07-18 23:23:46 info: Coin Data: {"id":1721312626332,"coin_id":"BTCUSDT","close":64262.02,"open":64838.01,"high":65400,"low":63854,"date":"2024. 7. 18. 오후 11:23:46"}
2024-07-18 23:23:47 info: Coin Data: {"id":1721312627330,"coin_id":"BTCUSDT","close":64267.85,"open":64842,"high":65400,"low":63854,"date":"2024. 7. 18. 오후 11:23:47"}
2024-07-18 23:23:48 info: Coin Data: {"id":1721312628329,"coin_id":"BTCUSDT","close":64267.99,"open":64862,"high":65400,"low":63854,"date":"2024. 7. 18. 오후 11:23:48"}
2024-07-18 23:23:49 info: Coin Data: {"id":1721312629333,"coin_id":"BTCUSDT","close":64260,"open":64862,"high":65400,"low":63854,"date":"2024. 7. 18. 오후 11:23:49"}
2024-07-18 23:23:50 info: Coin Data: {"id":1721312630332,"coin_id":"BTCUSDT","close":64260.01,"open":64868.29,"high":65400,"low":63854,"date":"2024. 7. 18. 오후 11:23:50"}
2024-07-18 23:23:51 info: Coin Data: {"id":1721312631335,"coin_id":"BTCUSDT","close":64262.02,"open":64868.28,"high":65400,"low":63854,"date":"2024. 7. 18. 오후 11:23:51"}
2024-07-18 23:23:52 info: Coin Data: {"id":1721312632332,"coin_id":"BTCUSDT","close":64270,"open":64866.02,"high":65400,"low":63854,"date":"2024. 7. 18. 오후 11:23:52"}
2024-07-18 23:23:53 info: Coin Data: {"id":1721312633332,"coin_id":"BTCUSDT","close":64270,"open":64868.28,"high":65400,"low":63854,"date":"2024. 7. 18. 오후 11:23:53"}
2024-07-18 23:23:54 info: Coin Data: {"id":1721312634331,"coin_id":"BTCUSDT","close":64269.99,"open":64868.27,"high":65400,"low":63854,"date":"2024. 7. 18. 오후 11:23:54"}
2024-07-18 23:23:55 info: Coin Data: {"id":1721312635334,"coin_id":"BTCUSDT","close":64269.99,"open":64868.28,"high":65400,"low":63854,"date":"2024. 7. 18. 오후 11:23:55"}
2024-07-18 23:23:56 info: Coin Data: {"id":1721312636329,"coin_id":"BTCUSDT","close":64269.99,"open":64868.28,"high":65400,"low":63854,"date":"2024. 7. 18. 오후 11:23:56"}
2024-07-18 23:23:57 info: Coin Data: {"id":1721312637330,"coin_id":"BTCUSDT","close":64274.26,"open":64882.88,"high":65400,"low":63854,"date":"2024. 7. 18. 오후 11:23:57"}
2024-07-18 23:23:58 info: Coin Data: {"id":1721312638331,"coin_id":"BTCUSDT","close":64279.29,"open":64882.88,"high":65400,"low":63854,"date":"2024. 7. 18. 오후 11:23:58"}
2024-07-18 23:23:59 info: Coin Data: {"id":1721312639332,"coin_id":"BTCUSDT","close":64279.28,"open":64882.88,"high":65400,"low":63854,"date":"2024. 7. 18. 오후 11:23:59"}
2024-07-18 23:24:00 info: Coin Data: {"id":1721312640330,"coin_id":"BTCUSDT","close":64279.28,"open":64889.61,"high":65400,"low":63854,"date":"2024. 7. 18. 오후 11:24:00"}
2024-07-18 23:24:01 info: Coin Data: {"id":1721312641335,"coin_id":"BTCUSDT","close":64279.29,"open":64875.02,"high":65400,"low":63854,"date":"2024. 7. 18. 오후 11:24:01"}
2024-07-18 23:24:02 info: Coin Data: {"id":1721312642334,"coin_id":"BTCUSDT","close":64270,"open":64875.01,"high":65400,"low":63854,"date":"2024. 7. 18. 오후 11:24:02"}
2024-07-18 23:24:03 info: Coin Data: {"id":1721312643331,"coin_id":"BTCUSDT","close":64269.99,"open":64858,"high":65400,"low":63854,"date":"2024. 7. 18. 오후 11:24:03"}
2024-07-18 23:24:04 info: Coin Data: {"id":1721312644331,"coin_id":"BTCUSDT","close":64264.01,"open":64858.01,"high":65400,"low":63854,"date":"2024. 7. 18. 오후 11:24:04"}
2024-07-18 23:24:05 info: Coin Data: {"id":1721312645334,"coin_id":"BTCUSDT","close":64264.01,"open":64858,"high":65400,"low":63854,"date":"2024. 7. 18. 오후 11:24:05"}
2024-07-18 23:24:06 info: Coin Data: {"id":1721312646333,"coin_id":"BTCUSDT","close":64260.01,"open":64866.04,"high":65400,"low":63854,"date":"2024. 7. 18. 오후 11:24:06"}
2024-07-18 23:24:07 info: Coin Data: {"id":1721312647333,"coin_id":"BTCUSDT","close":64260.01,"open":64875.99,"high":65400,"low":63854,"date":"2024. 7. 18. 오후 11:24:07"}
2024-07-18 23:24:08 info: Coin Data: {"id":1721312648334,"coin_id":"BTCUSDT","close":64260,"open":64883.99,"high":65400,"low":63854,"date":"2024. 7. 18. 오후 11:24:08"}
2024-07-18 23:24:09 info: Coin Data: {"id":1721312649334,"coin_id":"BTCUSDT","close":64259,"open":64884,"high":65400,"low":63854,"date":"2024. 7. 18. 오후 11:24:09"}
2024-07-18 23:24:10 info: Coin Data: {"id":1721312650335,"coin_id":"BTCUSDT","close":64258.02,"open":64887.93,"high":65400,"low":63854,"date":"2024. 7. 18. 오후 11:24:10"}
2024-07-18 23:24:11 info: Coin Data: {"id":1721312651336,"coin_id":"BTCUSDT","close":64258.02,"open":64889.16,"high":65400,"low":63854,"date":"2024. 7. 18. 오후 11:24:11"}
2024-07-18 23:24:12 info: Coin Data: {"id":1721312652341,"coin_id":"BTCUSDT","close":64258.01,"open":64889.61,"high":65400,"low":63854,"date":"2024. 7. 18. 오후 11:24:12"}
2024-07-18 23:24:13 info: Coin Data: {"id":1721312653402,"coin_id":"BTCUSDT","close":64258.01,"open":64889.62,"high":65400,"low":63854,"date":"2024. 7. 18. 오후 11:24:13"}
2024-07-18 23:24:14 info: Coin Data: {"id":1721312654402,"coin_id":"BTCUSDT","close":64258.01,"open":64889.62,"high":65400,"low":63854,"date":"2024. 7. 18. 오후 11:24:14"}
2024-07-18 23:24:15 info: Coin Data: {"id":1721312655335,"coin_id":"BTCUSDT","close":64261.88,"open":64899.96,"high":65400,"low":63854,"date":"2024. 7. 18. 오후 11:24:15"}
2024-07-18 23:24:16 info: Coin Data: {"id":1721312656336,"coin_id":"BTCUSDT","close":64261.88,"open":64899.95,"high":65400,"low":63854,"date":"2024. 7. 18. 오후 11:24:16"}
2024-07-18 23:24:17 info: Coin Data: {"id":1721312657400,"coin_id":"BTCUSDT","close":64261.89,"open":64899.96,"high":65400,"low":63854,"date":"2024. 7. 18. 오후 11:24:17"}
2024-07-18 23:24:18 info: Coin Data: {"id":1721312658338,"coin_id":"BTCUSDT","close":64261.89,"open":64899.95,"high":65400,"low":63854,"date":"2024. 7. 18. 오후 11:24:18"}
2024-07-18 23:24:19 info: Saved data to DB: {"id":1721312658338,"coin_id":"BTCUSDT","close":64261.89,"open":64899.95,"high":65400,"low":63854,"date":"2024. 7. 18. 오후 11:24:18"}
2024-07-18 23:24:19 info: Coin Data: {"id":1721312659336,"coin_id":"BTCUSDT","close":64261.89,"open":64894.01,"high":65400,"low":63854,"date":"2024. 7. 18. 오후 11:24:19"}
2024-07-18 23:24:20 info: Coin Data: {"id":1721312660337,"coin_id":"BTCUSDT","close":64261.88,"open":64894.01,"high":65400,"low":63854,"date":"2024. 7. 18. 오후 11:24:20"}
2024-07-18 23:24:21 info: Coin Data: {"id":1721312661339,"coin_id":"BTCUSDT","close":64261.89,"open":64894.01,"high":65400,"low":63854,"date":"2024. 7. 18. 오후 11:24:21"}
2024-07-18 23:24:22 info: Coin Data: {"id":1721312662339,"coin_id":"BTCUSDT","close":64268.9,"open":64896.59,"high":65400,"low":63854,"date":"2024. 7. 18. 오후 11:24:22"}
2024-07-18 23:24:23 info: Coin Data: {"id":1721312663340,"coin_id":"BTCUSDT","close":64280.28,"open":64899.98,"high":65400,"low":63854,"date":"2024. 7. 18. 오후 11:24:23"}
2024-07-18 23:24:24 info: Coin Data: {"id":1721312664341,"coin_id":"BTCUSDT","close":64281.23,"open":64899.99,"high":65400,"low":63854,"date":"2024. 7. 18. 오후 11:24:24"}
2024-07-18 23:24:25 info: Coin Data: {"id":1721312665340,"coin_id":"BTCUSDT","close":64281.23,"open":64899.98,"high":65400,"low":63854,"date":"2024. 7. 18. 오후 11:24:25"}
2024-07-18 23:24:26 info: Coin Data: {"id":1721312666341,"coin_id":"BTCUSDT","close":64283.8,"open":64896,"high":65400,"low":63854,"date":"2024. 7. 18. 오후 11:24:26"}
2024-07-18 23:24:27 info: Coin Data: {"id":1721312667343,"coin_id":"BTCUSDT","close":64283.82,"open":64896,"high":65400,"low":63854,"date":"2024. 7. 18. 오후 11:24:27"}
2024-07-18 23:24:28 info: Coin Data: {"id":1721312668344,"coin_id":"BTCUSDT","close":64298.72,"open":64896.01,"high":65400,"low":63854,"date":"2024. 7. 18. 오후 11:24:28"}
2024-07-18 23:24:29 info: Coin Data: {"id":1721312669345,"coin_id":"BTCUSDT","close":64300.75,"open":64897.3,"high":65400,"low":63854,"date":"2024. 7. 18. 오후 11:24:29"}
2024-07-18 23:24:30 info: Coin Data: {"id":1721312670345,"coin_id":"BTCUSDT","close":64307.54,"open":64899.09,"high":65400,"low":63854,"date":"2024. 7. 18. 오후 11:24:30"}
2024-07-18 23:24:31 info: Coin Data: {"id":1721312671346,"coin_id":"BTCUSDT","close":64327.99,"open":64899.09,"high":65400,"low":63854,"date":"2024. 7. 18. 오후 11:24:31"}
2024-07-18 23:24:32 info: Coin Data: {"id":1721312672347,"coin_id":"BTCUSDT","close":64327.99,"open":64899.1,"high":65400,"low":63854,"date":"2024. 7. 18. 오후 11:24:32"}
2024-07-18 23:24:33 info: Coin Data: {"id":1721312673344,"coin_id":"BTCUSDT","close":64328,"open":64899.09,"high":65400,"low":63854,"date":"2024. 7. 18. 오후 11:24:33"}
2024-07-18 23:24:34 info: Coin Data: {"id":1721312674345,"coin_id":"BTCUSDT","close":64328,"open":64894.13,"high":65400,"low":63854,"date":"2024. 7. 18. 오후 11:24:34"}
2024-07-18 23:24:35 info: Coin Data: {"id":1721312675343,"coin_id":"BTCUSDT","close":64327.99,"open":64890.01,"high":65400,"low":63854,"date":"2024. 7. 18. 오후 11:24:35"}
