2024-07-21 00:00:43 error: Error saving coin data to DB: Validation error
2024-07-21 00:00:43 error: Error saving coin data to DB: Validation error
2024-07-21 00:01:43 error: Error saving coin data to DB: Validation error
2024-07-21 00:01:43 error: Error saving coin data to DB: Validation error
2024-07-21 00:02:43 error: Error saving coin data to DB: Validation error
2024-07-21 00:02:43 error: Error saving coin data to DB: Validation error
2024-07-21 00:03:43 error: Error saving coin data to DB: Validation error
2024-07-21 00:03:43 error: Error saving coin data to DB: Validation error
2024-07-21 00:04:43 error: Error saving coin data to DB: Validation error
2024-07-21 00:04:43 error: Error saving coin data to DB: Validation error
2024-07-21 00:05:43 error: Error saving coin data to DB: Validation error
2024-07-21 00:05:43 error: Error saving coin data to DB: Validation error
2024-07-21 00:06:43 error: Error saving coin data to DB: Validation error
2024-07-21 00:06:43 error: Error saving coin data to DB: Validation error
2024-07-21 00:07:43 error: Error saving coin data to DB: Validation error
2024-07-21 00:07:43 error: Error saving coin data to DB: Validation error
2024-07-21 00:07:43 error: Error saving coin data to DB: Validation error
2024-07-21 00:08:43 error: Error saving coin data to DB: Validation error
2024-07-21 00:08:43 error: Error saving coin data to DB: Validation error
2024-07-21 00:08:43 error: Error saving coin data to DB: Validation error
2024-07-21 00:09:43 error: Error saving coin data to DB: Validation error
2024-07-21 00:09:43 error: Error saving coin data to DB: Validation error
2024-07-21 00:10:43 error: Error saving coin data to DB: Validation error
2024-07-21 00:10:43 error: Error saving coin data to DB: Validation error
2024-07-21 00:10:43 error: Error saving coin data to DB: Validation error
2024-07-21 00:11:43 error: Error saving coin data to DB: Validation error
2024-07-21 00:11:43 error: Error saving coin data to DB: Validation error
2024-07-21 00:12:43 error: Error saving coin data to DB: Validation error
2024-07-21 00:12:43 error: Error saving coin data to DB: Validation error
2024-07-21 00:12:43 error: Error saving coin data to DB: Validation error
2024-07-21 00:14:00 error: Error saving coin data to DB: Validation error
2024-07-21 00:14:00 error: Error saving coin data to DB: Validation error
2024-07-21 00:15:00 error: Error saving coin data to DB: Validation error
2024-07-21 00:15:00 error: Error saving coin data to DB: Validation error
2024-07-21 00:16:00 error: Error saving coin data to DB: Validation error
2024-07-21 00:16:00 error: Error saving coin data to DB: Validation error
2024-07-21 00:17:00 error: Error saving coin data to DB: Validation error
2024-07-21 00:17:00 error: Error saving coin data to DB: Validation error
2024-07-21 00:18:00 error: Error saving coin data to DB: Validation error
2024-07-21 00:18:00 error: Error saving coin data to DB: Validation error
2024-07-21 00:18:00 error: Error saving coin data to DB: Validation error
2024-07-21 00:19:00 error: Error saving coin data to DB: Validation error
2024-07-21 00:19:00 error: Error saving coin data to DB: Validation error
2024-07-21 00:20:00 error: Error saving coin data to DB: Validation error
2024-07-21 00:20:00 error: Error saving coin data to DB: Validation error
2024-07-21 00:21:00 error: Error saving coin data to DB: Validation error
2024-07-21 00:21:00 error: Error saving coin data to DB: Validation error
2024-07-21 00:22:00 error: Error saving coin data to DB: Validation error
2024-07-21 00:22:00 error: Error saving coin data to DB: Validation error
2024-07-21 00:23:00 error: Error saving coin data to DB: Validation error
2024-07-21 00:23:00 error: Error saving coin data to DB: Validation error
2024-07-21 00:24:00 error: Error saving coin data to DB: Validation error
2024-07-21 00:24:00 error: Error saving coin data to DB: Validation error
2024-07-21 00:25:00 error: Error saving coin data to DB: Validation error
2024-07-21 00:25:00 error: Error saving coin data to DB: Validation error
2024-07-21 00:29:58 error: Error saving coin data to DB: Validation error
2024-07-21 00:29:58 error: Error saving coin data to DB: Validation error
2024-07-21 14:38:30 error: Error fetching coin data for BTCUSDT: read ECONNRESET
2024-07-21 14:38:30 error: Error fetching coin data for BNBUSDT: read ECONNRESET
2024-07-21 14:38:30 error: Error fetching coin data for ETHUSDT: read ECONNRESET
2024-07-21 16:37:49 error: Error fetching coin data for BNBUSDT: read ECONNRESET
2024-07-21 16:37:49 error: Error fetching coin data for ETHUSDT: read ECONNRESET
2024-07-21 16:37:49 error: Error fetching coin data for BNBUSDT: read ECONNRESET
2024-07-21 16:37:49 error: Error fetching coin data for ETHUSDT: read ECONNRESET
2024-07-21 16:37:49 error: Error fetching coin data for BNBUSDT: read ECONNRESET
2024-07-21 16:37:49 error: Error fetching coin data for BNBUSDT: read ECONNRESET
2024-07-21 16:37:49 error: Error fetching coin data for ETHUSDT: read ECONNRESET
2024-07-21 16:37:49 error: Error fetching coin data for BNBUSDT: read ECONNRESET
2024-07-21 16:37:49 error: Error fetching coin data for ETHUSDT: read ECONNRESET
2024-07-21 16:37:49 error: Error fetching coin data for BTCUSDT: read ECONNRESET
2024-07-21 16:37:49 error: Error fetching coin data for BNBUSDT: read ECONNRESET
2024-07-21 16:37:49 error: Error fetching coin data for ETHUSDT: read ECONNRESET
2024-07-21 16:37:49 error: Error fetching coin data for BTCUSDT: read ECONNRESET
2024-07-21 16:37:49 error: Error fetching coin data for ETHUSDT: read ECONNRESET
2024-07-21 16:37:49 error: Error fetching coin data for BTCUSDT: read ECONNRESET
2024-07-21 16:37:49 error: Error fetching coin data for BNBUSDT: read ECONNRESET
2024-07-21 16:37:49 error: Error fetching coin data for BTCUSDT: read ECONNRESET
2024-07-21 16:37:49 error: Error fetching coin data for BNBUSDT: read ECONNRESET
2024-07-21 16:37:49 error: Error fetching coin data for BTCUSDT: read ECONNRESET
2024-07-21 16:37:49 error: Error fetching coin data for ETHUSDT: read ECONNRESET
2024-07-21 16:37:49 error: Error fetching coin data for BNBUSDT: read ECONNRESET
2024-07-21 16:37:49 error: Error fetching coin data for ETHUSDT: read ECONNRESET
2024-07-21 16:37:49 error: Error fetching coin data for BTCUSDT: read ECONNRESET
2024-07-21 16:37:50 error: Error fetching coin data for ETHUSDT: read ECONNRESET
2024-07-21 16:37:50 error: Error fetching coin data for BNBUSDT: read ECONNRESET
2024-07-21 16:37:50 error: Error fetching coin data for BNBUSDT: read ECONNRESET
2024-07-21 16:37:50 error: Error fetching coin data for BTCUSDT: read ECONNRESET
2024-07-21 16:37:50 error: Error fetching coin data for ETHUSDT: read ECONNRESET
2024-07-21 16:37:50 error: Error fetching coin data for BTCUSDT: read ECONNRESET
2024-07-21 16:37:50 error: Error fetching coin data for ETHUSDT: read ECONNRESET
2024-07-21 16:37:50 error: Error fetching coin data for ETHUSDT: read ECONNRESET
2024-07-21 16:37:50 error: Error fetching coin data for BTCUSDT: read ECONNRESET
2024-07-21 16:37:50 error: Error fetching coin data for BNBUSDT: read ECONNRESET
2024-07-21 16:37:50 error: Error fetching coin data for BTCUSDT: read ECONNRESET
2024-07-21 16:37:50 error: Error fetching coin data for ETHUSDT: read ECONNRESET
2024-07-21 16:37:50 error: Error fetching coin data for BTCUSDT: read ECONNRESET
2024-07-21 16:37:50 error: Error fetching coin data for BNBUSDT: read ECONNRESET
2024-07-21 16:37:50 error: Error fetching coin data for ETHUSDT: read ECONNRESET
2024-07-21 16:37:50 error: Error fetching coin data for BNBUSDT: read ECONNRESET
2024-07-21 16:37:50 error: Error fetching coin data for BTCUSDT: read ECONNRESET
2024-07-21 16:37:50 error: Error fetching coin data for BNBUSDT: read ECONNRESET
2024-07-21 16:37:50 error: Error fetching coin data for BNBUSDT: read ECONNRESET
2024-07-21 16:37:50 error: Error fetching coin data for BNBUSDT: read ECONNRESET
2024-07-21 16:37:50 error: Error fetching coin data for BTCUSDT: read ECONNRESET
2024-07-21 16:37:50 error: Error fetching coin data for ETHUSDT: read ECONNRESET
2024-07-21 16:37:50 error: Error fetching coin data for BTCUSDT: read ECONNRESET
2024-07-21 16:37:50 error: Error fetching coin data for BNBUSDT: read ECONNRESET
2024-07-21 16:37:50 error: Error fetching coin data for BTCUSDT: read ECONNRESET
2024-07-21 16:37:50 error: Error fetching coin data for ETHUSDT: read ECONNRESET
2024-07-21 16:37:50 error: Error fetching coin data for BNBUSDT: read ECONNRESET
2024-07-21 16:37:50 error: Error fetching coin data for BTCUSDT: read ECONNRESET
2024-07-21 16:37:50 error: Error fetching coin data for BTCUSDT: read ECONNRESET
2024-07-21 16:37:50 error: Error fetching coin data for BTCUSDT: read ECONNRESET
2024-07-21 16:37:50 error: Error fetching coin data for BNBUSDT: read ECONNRESET
2024-07-21 16:37:50 error: Error fetching coin data for ETHUSDT: read ECONNRESET
2024-07-21 16:37:50 error: Error fetching coin data for BNBUSDT: read ECONNRESET
2024-07-21 16:37:50 error: Error fetching coin data for ETHUSDT: read ECONNRESET
2024-07-21 16:37:50 error: Error fetching coin data for ETHUSDT: read ECONNRESET
2024-07-21 16:37:50 error: Error fetching coin data for BNBUSDT: read ECONNRESET
2024-07-21 16:37:50 error: Error fetching coin data for BTCUSDT: read ECONNRESET
2024-07-21 16:37:50 error: Error fetching coin data for ETHUSDT: read ECONNRESET
2024-07-21 16:37:50 error: Error fetching coin data for ETHUSDT: read ECONNRESET
2024-07-21 16:37:51 error: Error fetching coin data for ETHUSDT: read ECONNRESET
2024-07-21 16:37:51 error: Error fetching coin data for ETHUSDT: read ECONNRESET
2024-07-21 16:37:51 error: Error fetching coin data for BTCUSDT: read ECONNRESET
2024-07-21 16:37:51 error: Error fetching coin data for BNBUSDT: read ECONNRESET
2024-07-21 16:37:51 error: Error fetching coin data for BTCUSDT: read ECONNRESET
2024-07-21 16:37:51 error: Error fetching coin data for BTCUSDT: read ECONNRESET
2024-07-21 16:37:51 error: Error fetching coin data for ETHUSDT: read ECONNRESET
2024-07-21 16:37:51 error: Error fetching coin data for BTCUSDT: read ECONNRESET
2024-07-21 16:37:51 error: Error fetching coin data for BTCUSDT: read ECONNRESET
2024-07-21 16:37:51 error: Error fetching coin data for BNBUSDT: read ECONNRESET
2024-07-21 16:37:51 error: Error fetching coin data for BNBUSDT: read ECONNRESET
2024-07-21 16:37:51 error: Error fetching coin data for BTCUSDT: read ECONNRESET
2024-07-21 16:37:51 error: Error fetching coin data for BTCUSDT: read ECONNRESET
2024-07-21 16:37:51 error: Error fetching coin data for BNBUSDT: read ECONNRESET
2024-07-21 16:37:51 error: Error fetching coin data for ETHUSDT: read ECONNRESET
2024-07-21 16:37:51 error: Error fetching coin data for ETHUSDT: read ECONNRESET
2024-07-21 16:37:51 error: Error fetching coin data for ETHUSDT: read ECONNRESET
2024-07-21 16:37:51 error: Error fetching coin data for BNBUSDT: read ECONNRESET
2024-07-21 16:37:51 error: Error fetching coin data for BTCUSDT: read ECONNRESET
2024-07-21 16:37:51 error: Error fetching coin data for BTCUSDT: read ECONNRESET
2024-07-21 16:37:51 error: Error fetching coin data for ETHUSDT: read ECONNRESET
2024-07-21 16:37:51 error: Error fetching coin data for BTCUSDT: read ECONNRESET
2024-07-21 16:37:51 error: Error fetching coin data for ETHUSDT: read ECONNRESET
2024-07-21 16:37:51 error: Error fetching coin data for BNBUSDT: read ECONNRESET
2024-07-21 16:37:51 error: Error fetching coin data for ETHUSDT: read ECONNRESET
2024-07-21 16:37:51 error: Error fetching coin data for BTCUSDT: read ECONNRESET
2024-07-21 16:37:51 error: Error fetching coin data for ETHUSDT: read ECONNRESET
2024-07-21 16:37:51 error: Error fetching coin data for ETHUSDT: read ECONNRESET
2024-07-21 16:37:51 error: Error fetching coin data for BNBUSDT: read ECONNRESET
2024-07-21 16:37:51 error: Error fetching coin data for BNBUSDT: read ECONNRESET
2024-07-21 16:37:51 error: Error fetching coin data for BTCUSDT: read ECONNRESET
2024-07-21 16:37:51 error: Error fetching coin data for ETHUSDT: read ECONNRESET
2024-07-21 16:37:51 error: Error fetching coin data for ETHUSDT: read ECONNRESET
2024-07-21 16:37:51 error: Error fetching coin data for BTCUSDT: read ECONNRESET
2024-07-21 16:37:51 error: Error fetching coin data for ETHUSDT: read ECONNRESET
2024-07-21 16:37:51 error: Error fetching coin data for BTCUSDT: read ECONNRESET
2024-07-21 16:37:51 error: Error fetching coin data for ETHUSDT: read ECONNRESET
2024-07-21 16:37:51 error: Error fetching coin data for BTCUSDT: read ECONNRESET
2024-07-21 16:37:51 error: Error fetching coin data for BNBUSDT: read ECONNRESET
2024-07-21 16:37:51 error: Error fetching coin data for BNBUSDT: read ECONNRESET
2024-07-21 16:37:51 error: Error fetching coin data for BNBUSDT: read ECONNRESET
2024-07-21 16:37:51 error: Error fetching coin data for BNBUSDT: read ECONNRESET
2024-07-21 16:37:51 error: Error fetching coin data for BNBUSDT: read ECONNRESET
2024-07-21 16:37:51 error: Error fetching coin data for BTCUSDT: read ECONNRESET
2024-07-21 16:37:51 error: Error fetching coin data for BNBUSDT: read ECONNRESET
2024-07-21 16:37:51 error: Error fetching coin data for BTCUSDT: read ECONNRESET
2024-07-21 16:37:51 error: Error fetching coin data for ETHUSDT: read ECONNRESET
2024-07-21 16:37:51 error: Error fetching coin data for ETHUSDT: read ECONNRESET
2024-07-21 16:37:51 error: Error fetching coin data for BTCUSDT: read ECONNRESET
2024-07-21 16:37:51 error: Error fetching coin data for ETHUSDT: read ECONNRESET
2024-07-21 16:37:51 error: Error fetching coin data for BTCUSDT: read ECONNRESET
2024-07-21 16:37:51 error: Error fetching coin data for BNBUSDT: read ECONNRESET
2024-07-21 16:37:51 error: Error fetching coin data for BTCUSDT: read ECONNRESET
2024-07-21 16:37:51 error: Error fetching coin data for ETHUSDT: read ECONNRESET
2024-07-21 16:37:51 error: Error fetching coin data for BTCUSDT: read ECONNRESET
2024-07-21 16:37:51 error: Error fetching coin data for ETHUSDT: read ECONNRESET
2024-07-21 16:37:51 error: Error fetching coin data for BTCUSDT: read ECONNRESET
2024-07-21 16:37:51 error: Error fetching coin data for ETHUSDT: read ECONNRESET
2024-07-21 16:37:51 error: Error fetching coin data for BTCUSDT: read ECONNRESET
2024-07-21 16:37:51 error: Error fetching coin data for ETHUSDT: read ECONNRESET
2024-07-21 16:37:51 error: Error fetching coin data for ETHUSDT: read ECONNRESET
2024-07-21 16:37:51 error: Error fetching coin data for BTCUSDT: read ECONNRESET
2024-07-21 16:37:51 error: Error fetching coin data for BNBUSDT: read ECONNRESET
2024-07-21 16:37:51 error: Error fetching coin data for ETHUSDT: read ECONNRESET
2024-07-21 16:37:51 error: Error fetching coin data for BNBUSDT: read ECONNRESET
2024-07-21 16:37:51 error: Error fetching coin data for BTCUSDT: read ECONNRESET
2024-07-21 16:37:51 error: Error fetching coin data for BNBUSDT: read ECONNRESET
2024-07-21 16:37:51 error: Error fetching coin data for ETHUSDT: read ECONNRESET
2024-07-21 16:37:51 error: Error fetching coin data for BNBUSDT: read ECONNRESET
2024-07-21 16:37:51 error: Error fetching coin data for BTCUSDT: read ECONNRESET
2024-07-21 16:37:51 error: Error fetching coin data for BNBUSDT: read ECONNRESET
2024-07-21 16:37:51 error: Error fetching coin data for BTCUSDT: read ECONNRESET
2024-07-21 16:37:51 error: Error fetching coin data for BNBUSDT: read ECONNRESET
2024-07-21 16:37:51 error: Error fetching coin data for ETHUSDT: read ECONNRESET
2024-07-21 16:37:51 error: Error fetching coin data for BNBUSDT: read ECONNRESET
2024-07-21 16:37:51 error: Error fetching coin data for ETHUSDT: read ECONNRESET
2024-07-21 16:37:51 error: Error fetching coin data for BNBUSDT: read ECONNRESET
2024-07-21 16:37:51 error: Error fetching coin data for BNBUSDT: read ECONNRESET
2024-07-21 16:37:51 error: Error fetching coin data for BNBUSDT: read ECONNRESET
2024-07-21 16:37:51 error: Error fetching coin data for ETHUSDT: read ECONNRESET
2024-07-21 16:37:51 error: Error fetching coin data for BTCUSDT: read ECONNRESET
2024-07-21 16:37:51 error: Error fetching coin data for BTCUSDT: read ECONNRESET
2024-07-21 16:37:51 error: Error fetching coin data for ETHUSDT: read ECONNRESET
2024-07-21 16:37:51 error: Error fetching coin data for BTCUSDT: read ECONNRESET
2024-07-21 16:37:51 error: Error fetching coin data for BTCUSDT: read ECONNRESET
2024-07-21 16:37:51 error: Error fetching coin data for ETHUSDT: read ECONNRESET
2024-07-21 16:37:51 error: Error fetching coin data for BNBUSDT: read ECONNRESET
2024-07-21 16:37:51 error: Error fetching coin data for BTCUSDT: read ECONNRESET
2024-07-21 16:37:51 error: Error fetching coin data for BTCUSDT: read ECONNRESET
2024-07-21 16:37:51 error: Error fetching coin data for BTCUSDT: read ECONNRESET
2024-07-21 16:37:51 error: Error fetching coin data for BTCUSDT: read ECONNRESET
2024-07-21 16:37:51 error: Error fetching coin data for BNBUSDT: read ECONNRESET
2024-07-21 16:37:51 error: Error fetching coin data for ETHUSDT: read ECONNRESET
2024-07-21 16:37:51 error: Error fetching coin data for ETHUSDT: read ECONNRESET
2024-07-21 16:37:51 error: Error fetching coin data for BNBUSDT: read ECONNRESET
2024-07-21 16:37:51 error: Error fetching coin data for ETHUSDT: read ECONNRESET
2024-07-21 16:37:51 error: Error fetching coin data for BNBUSDT: read ECONNRESET
2024-07-21 16:37:51 error: Error fetching coin data for BNBUSDT: read ECONNRESET
2024-07-21 16:37:51 error: Error fetching coin data for ETHUSDT: read ECONNRESET
2024-07-21 16:37:51 error: Error fetching coin data for BTCUSDT: read ECONNRESET
2024-07-21 16:37:51 error: Error fetching coin data for BNBUSDT: read ECONNRESET
2024-07-21 16:37:51 error: Error fetching coin data for BNBUSDT: read ECONNRESET
2024-07-21 16:37:51 error: Error fetching coin data for BNBUSDT: read ECONNRESET
2024-07-21 16:37:51 error: Error fetching coin data for BTCUSDT: read ECONNRESET
2024-07-21 16:37:51 error: Error fetching coin data for ETHUSDT: read ECONNRESET
2024-07-21 16:37:51 error: Error fetching coin data for ETHUSDT: read ECONNRESET
2024-07-21 16:37:51 error: Error fetching coin data for BTCUSDT: read ECONNRESET
2024-07-21 16:37:51 error: Error fetching coin data for ETHUSDT: read ECONNRESET
2024-07-21 16:37:51 error: Error fetching coin data for BTCUSDT: read ECONNRESET
2024-07-21 16:37:51 error: Error fetching coin data for BTCUSDT: read ECONNRESET
2024-07-21 16:37:51 error: Error fetching coin data for BNBUSDT: read ECONNRESET
2024-07-21 16:37:51 error: Error fetching coin data for BTCUSDT: read ECONNRESET
2024-07-21 16:37:51 error: Error fetching coin data for BTCUSDT: read ECONNRESET
2024-07-21 16:37:51 error: Error fetching coin data for BNBUSDT: read ECONNRESET
2024-07-21 16:37:51 error: Error fetching coin data for ETHUSDT: read ECONNRESET
2024-07-21 16:37:51 error: Error fetching coin data for BTCUSDT: read ECONNRESET
2024-07-21 16:37:51 error: Error fetching coin data for ETHUSDT: read ECONNRESET
2024-07-21 16:37:51 error: Error fetching coin data for ETHUSDT: read ECONNRESET
2024-07-21 16:37:51 error: Error fetching coin data for BNBUSDT: read ECONNRESET
2024-07-21 16:37:51 error: Error fetching coin data for BTCUSDT: read ECONNRESET
2024-07-21 16:37:51 error: Error fetching coin data for BTCUSDT: read ECONNRESET
2024-07-21 16:37:51 error: Error fetching coin data for BTCUSDT: read ECONNRESET
2024-07-21 16:37:51 error: Error fetching coin data for BTCUSDT: read ECONNRESET
2024-07-21 16:37:51 error: Error fetching coin data for BNBUSDT: read ECONNRESET
2024-07-21 16:37:51 error: Error fetching coin data for BTCUSDT: read ECONNRESET
2024-07-21 16:37:52 error: Error fetching coin data for ETHUSDT: read ECONNRESET
2024-07-21 16:37:52 error: Error fetching coin data for BNBUSDT: read ECONNRESET
2024-07-21 16:37:52 error: Error fetching coin data for BTCUSDT: read ECONNRESET
2024-07-21 16:37:52 error: Error fetching coin data for BNBUSDT: read ECONNRESET
2024-07-21 16:37:52 error: Error fetching coin data for ETHUSDT: read ECONNRESET
2024-07-21 16:37:52 error: Error fetching coin data for BTCUSDT: read ECONNRESET
2024-07-21 16:37:52 error: Error fetching coin data for BNBUSDT: read ECONNRESET
2024-07-21 16:37:52 error: Error fetching coin data for BTCUSDT: read ECONNRESET
2024-07-21 16:37:52 error: Error fetching coin data for ETHUSDT: read ECONNRESET
2024-07-21 16:37:52 error: Error fetching coin data for ETHUSDT: read ECONNRESET
2024-07-21 16:37:52 error: Error fetching coin data for ETHUSDT: read ECONNRESET
2024-07-21 16:37:52 error: Error fetching coin data for BNBUSDT: read ECONNRESET
2024-07-21 16:37:52 error: Error fetching coin data for BTCUSDT: read ECONNRESET
2024-07-21 16:37:52 error: Error fetching coin data for ETHUSDT: read ECONNRESET
2024-07-21 16:37:52 error: Error fetching coin data for BTCUSDT: read ECONNRESET
2024-07-21 16:37:52 error: Error fetching coin data for BNBUSDT: read ECONNRESET
2024-07-21 16:37:52 error: Error fetching coin data for BTCUSDT: read ECONNRESET
2024-07-21 16:37:52 error: Error fetching coin data for ETHUSDT: read ECONNRESET
2024-07-21 16:37:52 error: Error fetching coin data for BNBUSDT: read ECONNRESET
2024-07-21 16:37:52 error: Error fetching coin data for ETHUSDT: read ECONNRESET
2024-07-21 16:37:52 error: Error fetching coin data for BTCUSDT: read ECONNRESET
2024-07-21 16:37:52 error: Error fetching coin data for ETHUSDT: read ECONNRESET
2024-07-21 16:37:52 error: Error fetching coin data for BNBUSDT: read ECONNRESET
2024-07-21 16:37:52 error: Error fetching coin data for ETHUSDT: read ECONNRESET
2024-07-21 16:37:52 error: Error fetching coin data for BNBUSDT: read ECONNRESET
2024-07-21 16:37:52 error: Error fetching coin data for ETHUSDT: read ECONNRESET
2024-07-21 16:37:52 error: Error fetching coin data for BNBUSDT: read ECONNRESET
2024-07-21 16:37:52 error: Error fetching coin data for ETHUSDT: read ECONNRESET
2024-07-21 16:37:52 error: Error fetching coin data for BNBUSDT: read ECONNRESET
2024-07-21 16:37:52 error: Error fetching coin data for ETHUSDT: read ECONNRESET
2024-07-21 16:37:52 error: Error fetching coin data for BNBUSDT: read ECONNRESET
2024-07-21 16:37:52 error: Error fetching coin data for BTCUSDT: read ECONNRESET
2024-07-21 16:37:52 error: Error fetching coin data for BNBUSDT: read ECONNRESET
2024-07-21 16:37:52 error: Error fetching coin data for BTCUSDT: read ECONNRESET
2024-07-21 16:37:52 error: Error fetching coin data for BNBUSDT: read ECONNRESET
2024-07-21 16:37:52 error: Error fetching coin data for ETHUSDT: read ECONNRESET
2024-07-21 16:37:52 error: Error fetching coin data for BNBUSDT: read ECONNRESET
2024-07-21 16:37:52 error: Error fetching coin data for ETHUSDT: read ECONNRESET
2024-07-21 16:37:52 error: Error fetching coin data for BNBUSDT: read ECONNRESET
2024-07-21 16:37:52 error: Error fetching coin data for BNBUSDT: read ECONNRESET
2024-07-21 16:37:52 error: Error fetching coin data for ETHUSDT: read ECONNRESET
2024-07-21 16:37:52 error: Error fetching coin data for BNBUSDT: read ECONNRESET
2024-07-21 16:37:52 error: Error fetching coin data for BTCUSDT: read ECONNRESET
2024-07-21 16:37:52 error: Error fetching coin data for BTCUSDT: read ECONNRESET
2024-07-21 16:37:52 error: Error fetching coin data for BNBUSDT: read ECONNRESET
2024-07-21 16:37:52 error: Error fetching coin data for BTCUSDT: read ECONNRESET
2024-07-21 16:37:52 error: Error fetching coin data for ETHUSDT: read ECONNRESET
2024-07-21 16:37:52 error: Error fetching coin data for BNBUSDT: read ECONNRESET
2024-07-21 16:37:52 error: Error fetching coin data for ETHUSDT: read ECONNRESET
2024-07-21 16:37:52 error: Error fetching coin data for BTCUSDT: read ECONNRESET
2024-07-21 16:37:52 error: Error fetching coin data for BNBUSDT: read ECONNRESET
2024-07-21 16:37:52 error: Error fetching coin data for ETHUSDT: read ECONNRESET
2024-07-21 16:37:52 error: Error fetching coin data for ETHUSDT: read ECONNRESET
2024-07-21 16:37:52 error: Error fetching coin data for BTCUSDT: read ECONNRESET
2024-07-21 16:37:52 error: Error fetching coin data for ETHUSDT: read ECONNRESET
2024-07-21 16:37:52 error: Error fetching coin data for BTCUSDT: read ECONNRESET
2024-07-21 16:37:52 error: Error fetching coin data for ETHUSDT: read ECONNRESET
2024-07-21 16:37:52 error: Error fetching coin data for BNBUSDT: read ECONNRESET
2024-07-21 16:37:52 error: Error fetching coin data for ETHUSDT: read ECONNRESET
2024-07-21 16:37:52 error: Error fetching coin data for BTCUSDT: read ECONNRESET
2024-07-21 16:37:52 error: Error fetching coin data for BNBUSDT: read ECONNRESET
2024-07-21 16:37:53 error: Error fetching coin data for BTCUSDT: 
2024-07-21 16:37:53 error: Error fetching coin data for ETHUSDT: 
2024-07-21 16:37:53 error: Error fetching coin data for BNBUSDT: 
2024-07-21 16:37:53 error: Error fetching coin data for BTCUSDT: 
2024-07-21 16:37:53 error: Error fetching coin data for ETHUSDT: 
2024-07-21 16:37:53 error: Error fetching coin data for BNBUSDT: 
2024-07-21 16:37:53 error: Error fetching coin data for BTCUSDT: 
2024-07-21 16:37:53 error: Error fetching coin data for ETHUSDT: 
2024-07-21 16:37:53 error: Error fetching coin data for BNBUSDT: 
2024-07-21 16:37:53 error: Error fetching coin data for BTCUSDT: 
2024-07-21 16:37:53 error: Error fetching coin data for ETHUSDT: 
2024-07-21 16:37:53 error: Error fetching coin data for BNBUSDT: 
2024-07-21 16:37:53 error: Error fetching coin data for BTCUSDT: 
2024-07-21 16:37:53 error: Error fetching coin data for ETHUSDT: 
2024-07-21 16:37:53 error: Error fetching coin data for BNBUSDT: 
2024-07-21 16:37:53 error: Error fetching coin data for BTCUSDT: 
2024-07-21 16:37:53 error: Error fetching coin data for ETHUSDT: 
2024-07-21 16:37:53 error: Error fetching coin data for BNBUSDT: 
2024-07-21 16:37:53 error: Error fetching coin data for BTCUSDT: 
2024-07-21 16:37:53 error: Error fetching coin data for ETHUSDT: 
2024-07-21 16:37:53 error: Error fetching coin data for BNBUSDT: 
2024-07-21 16:37:53 error: Error fetching coin data for BTCUSDT: 
2024-07-21 16:37:53 error: Error fetching coin data for ETHUSDT: 
2024-07-21 16:37:53 error: Error fetching coin data for BNBUSDT: 
2024-07-21 16:37:53 error: Error fetching coin data for BTCUSDT: 
2024-07-21 16:37:53 error: Error fetching coin data for ETHUSDT: 
2024-07-21 16:37:53 error: Error fetching coin data for BNBUSDT: 
2024-07-21 16:37:53 error: Error fetching coin data for BTCUSDT: 
2024-07-21 16:37:53 error: Error fetching coin data for ETHUSDT: 
2024-07-21 16:37:53 error: Error fetching coin data for BNBUSDT: 
2024-07-21 16:37:53 error: Error fetching coin data for BTCUSDT: 
2024-07-21 16:37:53 error: Error fetching coin data for ETHUSDT: 
2024-07-21 16:37:53 error: Error fetching coin data for BNBUSDT: 
2024-07-21 16:37:53 error: Error fetching coin data for BTCUSDT: 
2024-07-21 16:37:53 error: Error fetching coin data for ETHUSDT: 
2024-07-21 16:37:53 error: Error fetching coin data for BNBUSDT: 
2024-07-21 16:37:53 error: Error fetching coin data for BTCUSDT: 
2024-07-21 16:37:53 error: Error fetching coin data for ETHUSDT: 
2024-07-21 16:37:53 error: Error fetching coin data for BNBUSDT: 
2024-07-21 16:37:53 error: Error fetching coin data for BTCUSDT: 
2024-07-21 16:37:53 error: Error fetching coin data for ETHUSDT: 
2024-07-21 16:37:53 error: Error fetching coin data for BNBUSDT: 
2024-07-21 16:37:53 error: Error fetching coin data for BTCUSDT: 
2024-07-21 16:37:53 error: Error fetching coin data for ETHUSDT: 
2024-07-21 16:37:53 error: Error fetching coin data for BNBUSDT: 
2024-07-21 16:37:53 error: Error fetching coin data for BTCUSDT: 
2024-07-21 16:37:53 error: Error fetching coin data for ETHUSDT: 
2024-07-21 16:37:53 error: Error fetching coin data for BNBUSDT: 
2024-07-21 16:37:53 error: Error fetching coin data for BTCUSDT: 
2024-07-21 16:37:53 error: Error fetching coin data for ETHUSDT: 
2024-07-21 16:37:53 error: Error fetching coin data for BNBUSDT: 
2024-07-21 16:37:53 error: Error fetching coin data for BTCUSDT: 
2024-07-21 16:37:53 error: Error fetching coin data for ETHUSDT: 
2024-07-21 16:37:53 error: Error fetching coin data for BNBUSDT: 
2024-07-21 16:37:53 error: Error fetching coin data for BTCUSDT: 
2024-07-21 16:37:53 error: Error fetching coin data for ETHUSDT: 
2024-07-21 16:37:53 error: Error fetching coin data for BNBUSDT: 
2024-07-21 16:37:53 error: Error fetching coin data for BTCUSDT: 
2024-07-21 16:37:53 error: Error fetching coin data for ETHUSDT: 
2024-07-21 16:37:53 error: Error fetching coin data for BNBUSDT: 
2024-07-21 16:37:53 error: Error fetching coin data for BTCUSDT: 
2024-07-21 16:37:53 error: Error fetching coin data for ETHUSDT: 
2024-07-21 16:37:53 error: Error fetching coin data for BNBUSDT: 
2024-07-21 16:37:53 error: Error fetching coin data for BTCUSDT: 
2024-07-21 16:37:53 error: Error fetching coin data for ETHUSDT: 
2024-07-21 16:37:53 error: Error fetching coin data for BNBUSDT: 
2024-07-21 16:37:53 error: Error fetching coin data for BTCUSDT: 
2024-07-21 16:37:53 error: Error fetching coin data for ETHUSDT: 
2024-07-21 16:37:53 error: Error fetching coin data for BNBUSDT: 
2024-07-21 16:37:53 error: Error fetching coin data for BTCUSDT: 
2024-07-21 16:37:53 error: Error fetching coin data for ETHUSDT: 
2024-07-21 16:37:53 error: Error fetching coin data for BNBUSDT: 
2024-07-21 16:37:53 error: Error fetching coin data for BTCUSDT: 
2024-07-21 16:37:53 error: Error fetching coin data for ETHUSDT: 
2024-07-21 16:37:53 error: Error fetching coin data for BNBUSDT: 
2024-07-21 16:37:53 error: Error fetching coin data for BTCUSDT: 
2024-07-21 16:37:53 error: Error fetching coin data for ETHUSDT: 
2024-07-21 16:37:53 error: Error fetching coin data for BNBUSDT: 
2024-07-21 16:37:53 error: Error fetching coin data for BTCUSDT: 
2024-07-21 16:37:53 error: Error fetching coin data for ETHUSDT: 
2024-07-21 16:37:53 error: Error fetching coin data for BNBUSDT: 
2024-07-21 16:37:53 error: Error fetching coin data for BTCUSDT: 
2024-07-21 16:37:53 error: Error fetching coin data for ETHUSDT: 
2024-07-21 16:37:53 error: Error fetching coin data for BNBUSDT: 
2024-07-21 16:37:53 error: Error fetching coin data for BTCUSDT: 
2024-07-21 16:37:53 error: Error fetching coin data for ETHUSDT: 
2024-07-21 16:37:53 error: Error fetching coin data for BNBUSDT: 
2024-07-21 16:37:53 error: Error fetching coin data for BTCUSDT: 
2024-07-21 16:37:53 error: Error fetching coin data for ETHUSDT: 
2024-07-21 16:37:53 error: Error fetching coin data for BNBUSDT: 
2024-07-21 16:37:53 error: Error fetching coin data for BTCUSDT: 
2024-07-21 16:37:53 error: Error fetching coin data for ETHUSDT: 
2024-07-21 16:37:53 error: Error fetching coin data for BNBUSDT: 
2024-07-21 16:37:53 error: Error fetching coin data for BTCUSDT: 
2024-07-21 16:37:53 error: Error fetching coin data for ETHUSDT: 
2024-07-21 16:37:53 error: Error fetching coin data for BNBUSDT: 
2024-07-21 16:37:53 error: Error fetching coin data for BTCUSDT: 
2024-07-21 16:37:53 error: Error fetching coin data for ETHUSDT: 
2024-07-21 16:37:53 error: Error fetching coin data for BNBUSDT: 
2024-07-21 16:37:53 error: Error fetching coin data for BTCUSDT: 
2024-07-21 16:37:53 error: Error fetching coin data for ETHUSDT: 
2024-07-21 16:37:53 error: Error fetching coin data for BNBUSDT: 
2024-07-21 16:37:53 error: Error fetching coin data for BTCUSDT: 
2024-07-21 16:37:53 error: Error fetching coin data for ETHUSDT: 
2024-07-21 16:37:53 error: Error fetching coin data for BNBUSDT: 
2024-07-21 16:37:53 error: Error fetching coin data for BTCUSDT: 
2024-07-21 16:37:53 error: Error fetching coin data for ETHUSDT: 
2024-07-21 16:37:53 error: Error fetching coin data for BNBUSDT: 
2024-07-21 16:37:53 error: Error fetching coin data for BTCUSDT: 
2024-07-21 16:37:53 error: Error fetching coin data for ETHUSDT: 
2024-07-21 16:37:53 error: Error fetching coin data for BNBUSDT: 
2024-07-21 16:37:53 error: Error fetching coin data for BTCUSDT: 
2024-07-21 16:37:53 error: Error fetching coin data for ETHUSDT: 
2024-07-21 16:37:53 error: Error fetching coin data for BNBUSDT: 
2024-07-21 16:37:53 error: Error fetching coin data for BTCUSDT: 
2024-07-21 16:37:53 error: Error fetching coin data for ETHUSDT: 
2024-07-21 16:37:53 error: Error fetching coin data for BNBUSDT: 
2024-07-21 16:37:53 error: Error fetching coin data for BTCUSDT: 
2024-07-21 16:37:53 error: Error fetching coin data for ETHUSDT: 
2024-07-21 16:37:53 error: Error fetching coin data for BNBUSDT: 
2024-07-21 16:37:53 error: Error fetching coin data for BTCUSDT: 
2024-07-21 16:37:53 error: Error fetching coin data for ETHUSDT: 
2024-07-21 16:37:53 error: Error fetching coin data for BNBUSDT: 
2024-07-21 16:37:53 error: Error fetching coin data for BTCUSDT: 
2024-07-21 16:37:53 error: Error fetching coin data for ETHUSDT: 
2024-07-21 16:37:53 error: Error fetching coin data for BNBUSDT: 
2024-07-21 16:37:53 error: Error fetching coin data for BTCUSDT: 
2024-07-21 16:37:53 error: Error fetching coin data for ETHUSDT: 
2024-07-21 16:37:53 error: Error fetching coin data for BNBUSDT: 
2024-07-21 16:37:53 error: Error fetching coin data for BTCUSDT: 
2024-07-21 16:37:53 error: Error fetching coin data for ETHUSDT: 
2024-07-21 16:37:53 error: Error fetching coin data for BNBUSDT: 
2024-07-21 16:37:53 error: Error fetching coin data for BTCUSDT: 
2024-07-21 16:37:53 error: Error fetching coin data for ETHUSDT: 
2024-07-21 16:37:53 error: Error fetching coin data for BNBUSDT: 
2024-07-21 16:37:53 error: Error fetching coin data for BTCUSDT: 
2024-07-21 16:37:53 error: Error fetching coin data for ETHUSDT: 
2024-07-21 16:37:53 error: Error fetching coin data for BNBUSDT: 
2024-07-21 16:37:53 error: Error fetching coin data for BTCUSDT: 
2024-07-21 16:37:53 error: Error fetching coin data for ETHUSDT: 
2024-07-21 16:37:53 error: Error fetching coin data for BNBUSDT: 
2024-07-21 16:37:53 error: Error fetching coin data for BTCUSDT: 
2024-07-21 16:37:53 error: Error fetching coin data for ETHUSDT: 
2024-07-21 16:37:53 error: Error fetching coin data for BNBUSDT: 
2024-07-21 16:37:53 error: Error fetching coin data for BTCUSDT: 
2024-07-21 16:37:53 error: Error fetching coin data for ETHUSDT: 
2024-07-21 16:37:53 error: Error fetching coin data for BNBUSDT: 
2024-07-21 16:37:53 error: Error fetching coin data for BTCUSDT: 
2024-07-21 16:37:53 error: Error fetching coin data for ETHUSDT: 
2024-07-21 16:37:53 error: Error fetching coin data for BNBUSDT: 
2024-07-21 16:37:56 error: Error fetching coin data for BNBUSDT: read ECONNRESET
2024-07-21 16:37:56 error: Error fetching coin data for BNBUSDT: read ECONNRESET
2024-07-21 16:37:56 error: Error fetching coin data for ETHUSDT: read ECONNRESET
2024-07-21 16:37:56 error: Error fetching coin data for BTCUSDT: read ECONNRESET
2024-07-21 16:37:56 error: Error fetching coin data for BTCUSDT: read ECONNRESET
2024-07-21 16:37:56 error: Error fetching coin data for ETHUSDT: read ECONNRESET
2024-07-21 16:37:56 error: Error fetching coin data for ETHUSDT: read ECONNRESET
2024-07-21 16:37:57 error: Error fetching coin data for BNBUSDT: read ECONNRESET
2024-07-21 16:37:57 error: Error fetching coin data for BTCUSDT: read ECONNRESET
2024-07-21 16:37:57 error: Error fetching coin data for BNBUSDT: read ECONNRESET
2024-07-21 16:37:57 error: Error fetching coin data for BNBUSDT: read ECONNRESET
2024-07-21 16:37:57 error: Error fetching coin data for BTCUSDT: read ECONNRESET
2024-07-21 16:37:57 error: Error fetching coin data for BNBUSDT: read ECONNRESET
2024-07-21 16:37:57 error: Error fetching coin data for ETHUSDT: read ECONNRESET
2024-07-21 16:37:57 error: Error fetching coin data for BNBUSDT: read ECONNRESET
2024-07-21 16:37:57 error: Error fetching coin data for ETHUSDT: read ECONNRESET
2024-07-21 16:37:57 error: Error fetching coin data for ETHUSDT: read ECONNRESET
2024-07-21 16:37:57 error: Error fetching coin data for BNBUSDT: read ECONNRESET
2024-07-21 16:37:57 error: Error fetching coin data for BNBUSDT: read ECONNRESET
2024-07-21 16:37:57 error: Error fetching coin data for ETHUSDT: read ECONNRESET
2024-07-21 16:37:57 error: Error fetching coin data for BNBUSDT: read ECONNRESET
2024-07-21 16:37:57 error: Error fetching coin data for BNBUSDT: read ECONNRESET
2024-07-21 16:37:57 error: Error fetching coin data for BTCUSDT: read ECONNRESET
2024-07-21 16:37:57 error: Error fetching coin data for ETHUSDT: read ECONNRESET
2024-07-21 16:37:57 error: Error fetching coin data for BTCUSDT: read ECONNRESET
2024-07-21 16:37:58 error: Error fetching coin data for BTCUSDT: read ECONNRESET
2024-07-21 16:37:58 error: Error fetching coin data for ETHUSDT: read ECONNRESET
2024-07-21 16:37:58 error: Error fetching coin data for BTCUSDT: read ECONNRESET
2024-07-21 16:37:58 error: Error fetching coin data for ETHUSDT: 
2024-07-21 16:37:58 error: Error fetching coin data for BNBUSDT: 
2024-07-21 17:11:26 error: Error fetching coin data for ETHUSDT: read ECONNRESET
2024-07-21 17:11:26 error: Error fetching coin data for BNBUSDT: read ECONNRESET
2024-07-21 17:11:26 error: Error fetching coin data for BTCUSDT: read ECONNRESET
2024-07-21 18:43:31 error: Error fetching coin data for BTCUSDT: getaddrinfo ENOTFOUND api.binance.com
2024-07-21 18:43:31 error: Error fetching coin data for ETHUSDT: getaddrinfo ENOTFOUND api.binance.com
2024-07-21 18:43:31 error: Error fetching coin data for BNBUSDT: getaddrinfo ENOTFOUND api.binance.com
2024-07-21 18:43:31 error: Error fetching coin data for BTCUSDT: getaddrinfo ENOTFOUND api.binance.com
2024-07-21 18:43:31 error: Error fetching coin data for ETHUSDT: getaddrinfo ENOTFOUND api.binance.com
2024-07-21 18:43:31 error: Error fetching coin data for BNBUSDT: getaddrinfo ENOTFOUND api.binance.com
2024-07-21 18:43:31 error: Error fetching coin data for ETHUSDT: getaddrinfo ENOTFOUND api.binance.com
2024-07-21 18:43:31 error: Error fetching coin data for BTCUSDT: getaddrinfo ENOTFOUND api.binance.com
2024-07-21 18:43:31 error: Error fetching coin data for BNBUSDT: getaddrinfo ENOTFOUND api.binance.com
2024-07-21 18:43:31 error: Error fetching coin data for BTCUSDT: getaddrinfo ENOTFOUND api.binance.com
2024-07-21 18:43:31 error: Error fetching coin data for BNBUSDT: getaddrinfo ENOTFOUND api.binance.com
2024-07-21 18:43:31 error: Error fetching coin data for ETHUSDT: getaddrinfo ENOTFOUND api.binance.com
2024-07-21 18:43:31 error: Error fetching coin data for BTCUSDT: getaddrinfo ENOTFOUND api.binance.com
2024-07-21 18:43:31 error: Error fetching coin data for ETHUSDT: getaddrinfo ENOTFOUND api.binance.com
2024-07-21 18:43:31 error: Error fetching coin data for BNBUSDT: getaddrinfo ENOTFOUND api.binance.com
2024-07-21 18:43:31 error: Error fetching coin data for BTCUSDT: getaddrinfo ENOTFOUND api.binance.com
2024-07-21 18:43:31 error: Error fetching coin data for BNBUSDT: getaddrinfo ENOTFOUND api.binance.com
2024-07-21 18:43:31 error: Error fetching coin data for ETHUSDT: getaddrinfo ENOTFOUND api.binance.com
2024-07-21 18:43:31 error: Error fetching coin data for ETHUSDT: getaddrinfo ENOTFOUND api.binance.com
2024-07-21 18:43:31 error: Error fetching coin data for BTCUSDT: getaddrinfo ENOTFOUND api.binance.com
2024-07-21 18:43:31 error: Error fetching coin data for BNBUSDT: getaddrinfo ENOTFOUND api.binance.com
2024-07-21 18:43:31 error: Error fetching coin data for BTCUSDT: getaddrinfo ENOTFOUND api.binance.com
2024-07-21 18:43:31 error: Error fetching coin data for ETHUSDT: getaddrinfo ENOTFOUND api.binance.com
2024-07-21 18:43:31 error: Error fetching coin data for BNBUSDT: getaddrinfo ENOTFOUND api.binance.com
2024-07-21 18:43:31 error: Error fetching coin data for BTCUSDT: getaddrinfo ENOTFOUND api.binance.com
2024-07-21 18:43:31 error: Error fetching coin data for ETHUSDT: getaddrinfo ENOTFOUND api.binance.com
2024-07-21 18:43:31 error: Error fetching coin data for BNBUSDT: getaddrinfo ENOTFOUND api.binance.com
2024-07-21 18:43:31 error: Error fetching coin data for BTCUSDT: getaddrinfo ENOTFOUND api.binance.com
2024-07-21 18:43:31 error: Error fetching coin data for ETHUSDT: getaddrinfo ENOTFOUND api.binance.com
2024-07-21 18:43:31 error: Error fetching coin data for BNBUSDT: getaddrinfo ENOTFOUND api.binance.com
2024-07-21 18:43:31 error: Error fetching coin data for ETHUSDT: getaddrinfo ENOTFOUND api.binance.com
2024-07-21 18:43:31 error: Error fetching coin data for BTCUSDT: getaddrinfo ENOTFOUND api.binance.com
2024-07-21 18:43:31 error: Error fetching coin data for BNBUSDT: getaddrinfo ENOTFOUND api.binance.com
2024-07-21 18:43:31 error: Error fetching coin data for BTCUSDT: getaddrinfo ENOTFOUND api.binance.com
2024-07-21 18:43:31 error: Error fetching coin data for ETHUSDT: getaddrinfo ENOTFOUND api.binance.com
2024-07-21 18:43:31 error: Error fetching coin data for BNBUSDT: getaddrinfo ENOTFOUND api.binance.com
2024-07-21 18:43:32 error: Error fetching coin data for BTCUSDT: getaddrinfo ENOTFOUND api.binance.com
2024-07-21 18:43:32 error: Error fetching coin data for ETHUSDT: getaddrinfo ENOTFOUND api.binance.com
2024-07-21 18:43:32 error: Error fetching coin data for BNBUSDT: getaddrinfo ENOTFOUND api.binance.com
2024-07-21 18:43:33 error: Error fetching coin data for BTCUSDT: getaddrinfo ENOTFOUND api.binance.com
2024-07-21 18:43:33 error: Error fetching coin data for ETHUSDT: getaddrinfo ENOTFOUND api.binance.com
2024-07-21 18:43:33 error: Error fetching coin data for BNBUSDT: getaddrinfo ENOTFOUND api.binance.com
2024-07-21 18:43:34 error: Error fetching coin data for BTCUSDT: getaddrinfo ENOTFOUND api.binance.com
2024-07-21 18:43:34 error: Error fetching coin data for ETHUSDT: getaddrinfo ENOTFOUND api.binance.com
2024-07-21 18:43:34 error: Error fetching coin data for BNBUSDT: getaddrinfo ENOTFOUND api.binance.com
2024-07-21 18:43:35 error: Error fetching coin data for BTCUSDT: getaddrinfo ENOTFOUND api.binance.com
2024-07-21 18:43:35 error: Error fetching coin data for ETHUSDT: getaddrinfo ENOTFOUND api.binance.com
2024-07-21 18:43:35 error: Error fetching coin data for BNBUSDT: getaddrinfo ENOTFOUND api.binance.com
2024-07-21 19:00:46 error: Error fetching coin data for BTCUSDT: read ECONNRESET
2024-07-21 19:00:46 error: Error fetching coin data for ETHUSDT: read ECONNRESET
2024-07-21 19:00:46 error: Error fetching coin data for BNBUSDT: read ECONNRESET
2024-07-21 19:00:46 error: Error fetching coin data for BTCUSDT: getaddrinfo ENOTFOUND api.binance.com
2024-07-21 19:00:46 error: Error fetching coin data for ETHUSDT: getaddrinfo ENOTFOUND api.binance.com
2024-07-21 19:28:40 error: Error fetching coin data for BTCUSDT: getaddrinfo ENOTFOUND api.binance.com
2024-07-21 19:28:40 error: Error fetching coin data for ETHUSDT: getaddrinfo ENOTFOUND api.binance.com
