2024-07-23 22:45:21 error: Error fetching coin symbols: axios is not defined
2024-07-23 22:59:19 error: Error fetching coin data for VETETH: connect ETIMEDOUT 18.64.6.217:443
2024-07-23 22:59:32 error: Error fetching coin data for OMGETH: read ECONNRESET
2024-07-23 22:59:32 error: Error fetching coin data for BTCUSDT: read ECONNRESET
2024-07-23 22:59:32 error: Error fetching coin data for ORDITRY: read ECONNRESET
2024-07-23 22:59:32 error: Error fetching coin data for ETHUSDT: read ECONNRESET
2024-07-23 22:59:32 error: Error fetching coin data for DNTETH: read ECONNRESET
2024-07-23 22:59:32 error: Error fetching coin data for MCOETH: read ECONNRESET
2024-07-23 22:59:32 error: Error fetching coin data for BNBBTC: read ECONNRESET
2024-07-23 22:59:32 error: Error fetching coin data for ICNETH: read ECONNRESET
2024-07-23 22:59:32 error: Error fetching coin data for QTUMETH: read ECONNRESET
2024-07-23 22:59:32 error: Error fetching coin data for EOSETH: read ECONNRESET
2024-07-23 22:59:33 error: Error fetching coin data for SNTETH: read ECONNRESET
2024-07-23 22:59:33 error: Error fetching coin data for HOTBTC: read ECONNRESET
2024-07-23 22:59:33 error: Error fetching coin data for WTCBTC: read ECONNRESET
2024-07-23 22:59:33 error: Error fetching coin data for PSGBTC: read ECONNRESET
2024-07-23 22:59:33 error: Error fetching coin data for BCCBTC: read ECONNRESET
2024-07-23 22:59:33 error: Error fetching coin data for BUSDBVND: read ECONNRESET
2024-07-23 22:59:33 error: Error fetching coin data for WTCETH: read ECONNRESET
2024-07-23 22:59:33 error: Error fetching coin data for BNTETH: read ECONNRESET
2024-07-23 22:59:34 error: Error fetching coin data for LRCBTC: read ECONNRESET
2024-07-23 22:59:34 error: Error fetching coin data for BIFIUSDT: read ECONNRESET
2024-07-23 22:59:34 error: Error fetching coin data for LRCETH: read ECONNRESET
2024-07-23 22:59:34 error: Error fetching coin data for QTUMBTC: read ECONNRESET
2024-07-23 22:59:34 error: Error fetching coin data for GASBTC: read ECONNRESET
2024-07-23 22:59:34 error: Error fetching coin data for YOYOBTC: read ECONNRESET
2024-07-23 22:59:34 error: Error fetching coin data for OMGBTC: read ECONNRESET
2024-07-23 22:59:34 error: Error fetching coin data for STPTUSDT: read ECONNRESET
2024-07-23 22:59:34 error: Error fetching coin data for BNBETH: read ECONNRESET
2024-07-23 22:59:35 error: Error fetching coin data for GMTETH: read ECONNRESET
2024-07-23 22:59:36 error: Error fetching coin data for ORDIUSDT: read ECONNRESET
2024-07-23 22:59:36 error: Error fetching coin data for RNDRUSDC: read ECONNRESET
2024-07-23 22:59:36 error: Error fetching coin data for XZCBTC: read ECONNRESET
2024-07-23 22:59:36 error: Error fetching coin data for ADXETH: read ECONNRESET
2024-07-23 22:59:36 error: Error fetching coin data for BCPTUSDC: read ECONNRESET
2024-07-23 22:59:37 error: Error fetching coin data for PEOPLEBTC: read ECONNRESET
2024-07-23 22:59:37 error: Error fetching coin data for SPELLBTC: read ECONNRESET
2024-07-23 22:59:37 error: Error fetching coin data for ARKMTUSD: read ECONNRESET
2024-07-23 22:59:37 error: Error fetching coin data for ARKMRUB: read ECONNRESET
2024-07-23 22:59:37 error: Error fetching coin data for BBBTC: read ECONNRESET
2024-07-23 22:59:37 error: Error fetching coin data for USDCTUSD: read ECONNRESET
2024-07-23 22:59:37 error: Error fetching coin data for NEOBTC: read ECONNRESET
2024-07-23 22:59:37 error: Error fetching coin data for BTCNGN: read ECONNRESET
2024-07-23 22:59:38 error: Error fetching coin data for CREAMBUSD: read ECONNRESET
2024-07-23 22:59:38 error: Error fetching coin data for GMTBUSD: read ECONNRESET
2024-07-23 22:59:38 error: Error fetching coin data for ENSTRY: read ECONNRESET
2024-07-23 22:59:38 error: Error fetching coin data for ALGOETH: read ECONNRESET
2024-07-23 22:59:38 error: Error fetching coin data for REIBUSD: read ECONNRESET
2024-07-23 22:59:38 error: Error fetching coin data for BETHBUSD: read ECONNRESET
2024-07-23 22:59:38 error: Error fetching coin data for PROSBUSD: read ECONNRESET
2024-07-23 22:59:38 error: Error fetching coin data for SNTBUSD: read ECONNRESET
2024-07-23 22:59:38 error: Error fetching coin data for POLYXUSDT: read ECONNRESET
2024-07-23 22:59:38 error: Error fetching coin data for QKCBUSD: read ECONNRESET
2024-07-23 22:59:38 error: Error fetching coin data for ASTUSDT: read ECONNRESET
2024-07-23 22:59:42 error: Error fetching coin data for NKNUSDT: read ECONNRESET
2024-07-23 22:59:42 error: Error fetching coin data for EDOBTC: read ECONNRESET
2024-07-23 22:59:42 error: Error fetching coin data for APTETH: read ECONNRESET
2024-07-23 22:59:42 error: Error fetching coin data for ZRXBTC: read ECONNRESET
2024-07-23 23:04:59 error: Error fetching coin data for BTCUSDT: Cannot read properties of undefined (reading 'emit')
2024-07-23 23:04:59 error: Error fetching coin data for ETHUSDT: Cannot read properties of undefined (reading 'emit')
2024-07-23 23:04:59 error: Error fetching coin data for BNBUSDT: Cannot read properties of undefined (reading 'emit')
2024-07-23 23:05:15 error: Error fetching coin data for BTCUSDT: Cannot read properties of undefined (reading 'emit')
2024-07-23 23:05:15 error: Error fetching coin data for ETHUSDT: Cannot read properties of undefined (reading 'emit')
2024-07-23 23:05:15 error: Error fetching coin data for BNBUSDT: Cannot read properties of undefined (reading 'emit')
2024-07-23 23:05:25 error: Error fetching coin data for BTCUSDT: Cannot read properties of undefined (reading 'emit')
2024-07-23 23:05:25 error: Error fetching coin data for ETHUSDT: Cannot read properties of undefined (reading 'emit')
2024-07-23 23:05:25 error: Error fetching coin data for BNBUSDT: Cannot read properties of undefined (reading 'emit')
2024-07-23 23:05:35 error: Error fetching coin data for BTCUSDT: Cannot read properties of undefined (reading 'emit')
2024-07-23 23:05:35 error: Error fetching coin data for ETHUSDT: Cannot read properties of undefined (reading 'emit')
2024-07-23 23:05:35 error: Error fetching coin data for BNBUSDT: Cannot read properties of undefined (reading 'emit')
2024-07-23 23:05:45 error: Error fetching coin data for BTCUSDT: Cannot read properties of undefined (reading 'emit')
2024-07-23 23:05:45 error: Error fetching coin data for ETHUSDT: Cannot read properties of undefined (reading 'emit')
2024-07-23 23:05:45 error: Error fetching coin data for BNBUSDT: Cannot read properties of undefined (reading 'emit')
2024-07-23 23:05:55 error: Error fetching coin data for BTCUSDT: Cannot read properties of undefined (reading 'emit')
2024-07-23 23:05:55 error: Error fetching coin data for ETHUSDT: Cannot read properties of undefined (reading 'emit')
2024-07-23 23:05:55 error: Error fetching coin data for BNBUSDT: Cannot read properties of undefined (reading 'emit')
2024-07-23 23:06:05 error: Error fetching coin data for BTCUSDT: Cannot read properties of undefined (reading 'emit')
2024-07-23 23:06:05 error: Error fetching coin data for ETHUSDT: Cannot read properties of undefined (reading 'emit')
2024-07-23 23:06:05 error: Error fetching coin data for BNBUSDT: Cannot read properties of undefined (reading 'emit')
2024-07-23 23:06:15 error: Error fetching coin data for BTCUSDT: Cannot read properties of undefined (reading 'emit')
2024-07-23 23:06:15 error: Error fetching coin data for ETHUSDT: Cannot read properties of undefined (reading 'emit')
2024-07-23 23:06:15 error: Error fetching coin data for BNBUSDT: Cannot read properties of undefined (reading 'emit')
2024-07-23 23:06:25 error: Error fetching coin data for BTCUSDT: Cannot read properties of undefined (reading 'emit')
2024-07-23 23:06:25 error: Error fetching coin data for ETHUSDT: Cannot read properties of undefined (reading 'emit')
2024-07-23 23:06:25 error: Error fetching coin data for BNBUSDT: Cannot read properties of undefined (reading 'emit')
2024-07-23 23:06:35 error: Error fetching coin data for BTCUSDT: Cannot read properties of undefined (reading 'emit')
2024-07-23 23:06:35 error: Error fetching coin data for ETHUSDT: Cannot read properties of undefined (reading 'emit')
2024-07-23 23:06:35 error: Error fetching coin data for BNBUSDT: Cannot read properties of undefined (reading 'emit')
2024-07-23 23:06:45 error: Error fetching coin data for BTCUSDT: Cannot read properties of undefined (reading 'emit')
2024-07-23 23:06:45 error: Error fetching coin data for ETHUSDT: Cannot read properties of undefined (reading 'emit')
2024-07-23 23:06:45 error: Error fetching coin data for BNBUSDT: Cannot read properties of undefined (reading 'emit')
2024-07-23 23:06:55 error: Error fetching coin data for BTCUSDT: Cannot read properties of undefined (reading 'emit')
2024-07-23 23:06:55 error: Error fetching coin data for BNBUSDT: Cannot read properties of undefined (reading 'emit')
2024-07-23 23:06:55 error: Error fetching coin data for ETHUSDT: Cannot read properties of undefined (reading 'emit')
2024-07-23 23:09:23 error: Error fetching coin data for BTCUSDT: allCoinData is not defined
2024-07-23 23:09:23 error: Error in startDataCollection: allCoinData is not defined
2024-07-23 23:09:23 error: Error fetching coin data for BNBUSDT: allCoinData is not defined
2024-07-23 23:09:23 error: Error in startDataCollection: allCoinData is not defined
2024-07-23 23:09:23 error: Error fetching coin data for ETHUSDT: allCoinData is not defined
2024-07-23 23:09:23 error: Error in startDataCollection: allCoinData is not defined
2024-07-23 23:14:39 error: Error fetching coin data for : Request failed with status code 400
2024-07-23 23:14:42 error: Error fetching coin data for subscribeToCoin: Request failed with status code 400
2024-07-23 23:15:43 error: Error fetching coin data for {
    "event": "coinData",
    "data": {
        "coinId": "BTCUSDT"
    }
}: Request failed with status code 400
2024-07-23 23:17:06 error: Error fetching coin data for {
    "event": "coinData",
    "data": {
        "coinId": "BTCUSDT"
    }
}: Request failed with status code 400
2024-07-23 23:17:06 error: Error in socket subscribeToCoin: Request failed with status code 400
2024-07-23 23:17:19 error: Error fetching coin data for {
    "event": "subscribeToCoin",
    "data": "BTCUSDT"
}: Request failed with status code 400
2024-07-23 23:17:19 error: Error in socket subscribeToCoin: Request failed with status code 400
2024-07-23 23:24:20 error: Error fetching coin data for PPTETH: connect ENOBUFS 18.64.6.217:443 - Local (undefined:undefined)
